# JRE version: OpenJDK Runtime Environment (7.0_75-b13) (build 1.7.0_75-b13)
# Java VM: OpenJDK 64-Bit Server VM (24.75-b04 mixed mode linux-amd64 compressed oops)
Heap
 PSYoungGen      total 219648K, used 110080K [0x00000000ebe80000, 0x0000000100000000, 0x0000000100000000)
  eden space 110080K, 100% used [0x00000000ebe80000,0x00000000f2a00000,0x00000000f2a00000)
  from space 109568K, 0% used [0x00000000f2a00000,0x00000000f2a00000,0x00000000f9500000)
  to   space 109568K, 0% used [0x00000000f9500000,0x00000000f9500000,0x0000000100000000)
 ParOldGen       total 657920K, used 657653K [0x00000000c3c00000, 0x00000000ebe80000, 0x00000000ebe80000)
  object space 657920K, 99% used [0x00000000c3c00000,0x00000000ebe3d538,0x00000000ebe80000)
 PSPermGen       total 21504K, used 17450K [0x00000000b9600000, 0x00000000bab00000, 0x00000000c3c00000)
  object space 21504K, 81% used [0x00000000b9600000,0x00000000ba70a808,0x00000000bab00000)
GC Heap History (10 events):
Event: 115,235 GC heap before
{Heap before GC invocations=35 (full 22):
 PSYoungGen      total 219648K, used 110080K [0x00000000ebe80000, 0x0000000100000000, 0x0000000100000000)
  eden space 110080K, 100% used [0x00000000ebe80000,0x00000000f2a00000,0x00000000f2a00000)
  from space 109568K, 0% used [0x00000000f2a00000,0x00000000f2a00000,0x00000000f9500000)
  to   space 109568K, 0% used [0x00000000f9500000,0x00000000f9500000,0x0000000100000000)
 ParOldGen       total 657920K, used 657653K [0x00000000c3c00000, 0x00000000ebe80000, 0x00000000ebe80000)
  object space 657920K, 99% used [0x00000000c3c00000,0x00000000ebe3d538,0x00000000ebe80000)
 PSPermGen       total 21504K, used 17450K [0x00000000b9600000, 0x00000000bab00000, 0x00000000c3c00000)
  object space 21504K, 81% used [0x00000000b9600000,0x00000000ba70a808,0x00000000bab00000)
Event: 119,532 GC heap after
Heap after GC invocations=35 (full 22):
 PSYoungGen      total 219648K, used 110063K [0x00000000ebe80000, 0x0000000100000000, 0x0000000100000000)
  eden space 110080K, 99% used [0x00000000ebe80000,0x00000000f29fbeb8,0x00000000f2a00000)
  from space 109568K, 0% used [0x00000000f2a00000,0x00000000f2a00000,0x00000000f9500000)
  to   space 109568K, 0% used [0x00000000f9500000,0x00000000f9500000,0x0000000100000000)
 ParOldGen       total 657920K, used 657653K [0x00000000c3c00000, 0x00000000ebe80000, 0x00000000ebe80000)
  object space 657920K, 99% used [0x00000000c3c00000,0x00000000ebe3d538,0x00000000ebe80000)
 PSPermGen       total 21504K, used 17450K [0x00000000b9600000, 0x00000000bab00000, 0x00000000c3c00000)
  object space 21504K, 81% used [0x00000000b9600000,0x00000000ba70a808,0x00000000bab00000)
}
Event: 119,532 GC heap before
{Heap before GC invocations=36 (full 23):
 PSYoungGen      total 219648K, used 110080K [0x00000000ebe80000, 0x0000000100000000, 0x0000000100000000)
  eden space 110080K, 100% used [0x00000000ebe80000,0x00000000f2a00000,0x00000000f2a00000)
  from space 109568K, 0% used [0x00000000f2a00000,0x00000000f2a00000,0x00000000f9500000)
  to   space 109568K, 0% used [0x00000000f9500000,0x00000000f9500000,0x0000000100000000)
 ParOldGen       total 657920K, used 657653K [0x00000000c3c00000, 0x00000000ebe80000, 0x00000000ebe80000)
  object space 657920K, 99% used [0x00000000c3c00000,0x00000000ebe3d538,0x00000000ebe80000)
 PSPermGen       total 21504K, used 17450K [0x00000000b9600000, 0x00000000bab00000, 0x00000000c3c00000)
  object space 21504K, 81% used [0x00000000b9600000,0x00000000ba70a808,0x00000000bab00000)
Event: 123,238 GC heap after
Heap after GC invocations=36 (full 23):
 PSYoungGen      total 219648K, used 110071K [0x00000000ebe80000, 0x0000000100000000, 0x0000000100000000)
  eden space 110080K, 99% used [0x00000000ebe80000,0x00000000f29fdc58,0x00000000f2a00000)
  from space 109568K, 0% used [0x00000000f2a00000,0x00000000f2a00000,0x00000000f9500000)
  to   space 109568K, 0% used [0x00000000f9500000,0x00000000f9500000,0x0000000100000000)
 ParOldGen       total 657920K, used 657653K [0x00000000c3c00000, 0x00000000ebe80000, 0x00000000ebe80000)
  object space 657920K, 99% used [0x00000000c3c00000,0x00000000ebe3d538,0x00000000ebe80000)
 PSPermGen       total 21504K, used 17450K [0x00000000b9600000, 0x00000000bab00000, 0x00000000c3c00000)
  object space 21504K, 81% used [0x00000000b9600000,0x00000000ba70a808,0x00000000bab00000)
}
Event: 123,238 GC heap before
{Heap before GC invocations=37 (full 24):
 PSYoungGen      total 219648K, used 110080K [0x00000000ebe80000, 0x0000000100000000, 0x0000000100000000)
  eden space 110080K, 100% used [0x00000000ebe80000,0x00000000f2a00000,0x00000000f2a00000)
  from space 109568K, 0% used [0x00000000f2a00000,0x00000000f2a00000,0x00000000f9500000)
  to   space 109568K, 0% used [0x00000000f9500000,0x00000000f9500000,0x0000000100000000)
 ParOldGen       total 657920K, used 657653K [0x00000000c3c00000, 0x00000000ebe80000, 0x00000000ebe80000)
  object space 657920K, 99% used [0x00000000c3c00000,0x00000000ebe3d538,0x00000000ebe80000)
 PSPermGen       total 21504K, used 17450K [0x00000000b9600000, 0x00000000bab00000, 0x00000000c3c00000)
  object space 21504K, 81% used [0x00000000b9600000,0x00000000ba70a808,0x00000000bab00000)
Event: 126,890 GC heap after
Heap after GC invocations=37 (full 24):
 PSYoungGen      total 219648K, used 110075K [0x00000000ebe80000, 0x0000000100000000, 0x0000000100000000)
  eden space 110080K, 99% used [0x00000000ebe80000,0x00000000f29fec48,0x00000000f2a00000)
  from space 109568K, 0% used [0x00000000f2a00000,0x00000000f2a00000,0x00000000f9500000)
  to   space 109568K, 0% used [0x00000000f9500000,0x00000000f9500000,0x0000000100000000)
 ParOldGen       total 657920K, used 657653K [0x00000000c3c00000, 0x00000000ebe80000, 0x00000000ebe80000)
  object space 657920K, 99% used [0x00000000c3c00000,0x00000000ebe3d538,0x00000000ebe80000)
 PSPermGen       total 21504K, used 17450K [0x00000000b9600000, 0x00000000bab00000, 0x00000000c3c00000)
  object space 21504K, 81% used [0x00000000b9600000,0x00000000ba70a808,0x00000000bab00000)
}
Event: 126,891 GC heap before
{Heap before GC invocations=38 (full 25):
 PSYoungGen      total 219648K, used 110080K [0x00000000ebe80000, 0x0000000100000000, 0x0000000100000000)
  eden space 110080K, 100% used [0x00000000ebe80000,0x00000000f2a00000,0x00000000f2a00000)
  from space 109568K, 0% used [0x00000000f2a00000,0x00000000f2a00000,0x00000000f9500000)
  to   space 109568K, 0% used [0x00000000f9500000,0x00000000f9500000,0x0000000100000000)
 ParOldGen       total 657920K, used 657653K [0x00000000c3c00000, 0x00000000ebe80000, 0x00000000ebe80000)
  object space 657920K, 99% used [0x00000000c3c00000,0x00000000ebe3d538,0x00000000ebe80000)
 PSPermGen       total 21504K, used 17450K [0x00000000b9600000, 0x00000000bab00000, 0x00000000c3c00000)
  object space 21504K, 81% used [0x00000000b9600000,0x00000000ba70a808,0x00000000bab00000)
Event: 130,906 GC heap after
Heap after GC invocations=38 (full 25):
 PSYoungGen      total 219648K, used 110077K [0x00000000ebe80000, 0x0000000100000000, 0x0000000100000000)
  eden space 110080K, 99% used [0x00000000ebe80000,0x00000000f29ff530,0x00000000f2a00000)
  from space 109568K, 0% used [0x00000000f2a00000,0x00000000f2a00000,0x00000000f9500000)
  to   space 109568K, 0% used [0x00000000f9500000,0x00000000f9500000,0x0000000100000000)
 ParOldGen       total 657920K, used 657653K [0x00000000c3c00000, 0x00000000ebe80000, 0x00000000ebe80000)
  object space 657920K, 99% used [0x00000000c3c00000,0x00000000ebe3d538,0x00000000ebe80000)
 PSPermGen       total 21504K, used 17450K [0x00000000b9600000, 0x00000000bab00000, 0x00000000c3c00000)
  object space 21504K, 81% used [0x00000000b9600000,0x00000000ba70a808,0x00000000bab00000)
}
Event: 130,906 GC heap before
{Heap before GC invocations=39 (full 26):
 PSYoungGen      total 219648K, used 110080K [0x00000000ebe80000, 0x0000000100000000, 0x0000000100000000)
  eden space 110080K, 100% used [0x00000000ebe80000,0x00000000f2a00000,0x00000000f2a00000)
  from space 109568K, 0% used [0x00000000f2a00000,0x00000000f2a00000,0x00000000f9500000)
  to   space 109568K, 0% used [0x00000000f9500000,0x00000000f9500000,0x0000000100000000)
 ParOldGen       total 657920K, used 657653K [0x00000000c3c00000, 0x00000000ebe80000, 0x00000000ebe80000)
  object space 657920K, 99% used [0x00000000c3c00000,0x00000000ebe3d538,0x00000000ebe80000)
 PSPermGen       total 21504K, used 17450K [0x00000000b9600000, 0x00000000bab00000, 0x00000000c3c00000)
  object space 21504K, 81% used [0x00000000b9600000,0x00000000ba70a808,0x00000000bab00000)
Event: 134,896 GC heap after
Heap after GC invocations=39 (full 26):
 PSYoungGen      total 219648K, used 110078K [0x00000000ebe80000, 0x0000000100000000, 0x0000000100000000)
  eden space 110080K, 99% used [0x00000000ebe80000,0x00000000f29ffa28,0x00000000f2a00000)
  from space 109568K, 0% used [0x00000000f2a00000,0x00000000f2a00000,0x00000000f9500000)
  to   space 109568K, 0% used [0x00000000f9500000,0x00000000f9500000,0x0000000100000000)
 ParOldGen       total 657920K, used 657653K [0x00000000c3c00000, 0x00000000ebe80000, 0x00000000ebe80000)
  object space 657920K, 99% used [0x00000000c3c00000,0x00000000ebe3d538,0x00000000ebe80000)
 PSPermGen       total 21504K, used 17450K [0x00000000b9600000, 0x00000000bab00000, 0x00000000c3c00000)
  object space 21504K, 81% used [0x00000000b9600000,0x00000000ba70a808,0x00000000bab00000)
}

